[debug] [2021-09-16T04:25:15.478Z] ----------------------------------------------------------------------
[debug] [2021-09-16T04:25:15.483Z] Command:       C:\Program Files\nodejs\node.exe C:\Users\agunb\AppData\Roaming\npm\node_modules\firebase-tools\lib\bin\firebase.js deploy
[debug] [2021-09-16T04:25:15.483Z] CLI Version:   9.18.0
[debug] [2021-09-16T04:25:15.484Z] Platform:      win32
[debug] [2021-09-16T04:25:15.484Z] Node Version:  v14.17.6
[debug] [2021-09-16T04:25:15.494Z] Time:          Thu Sep 16 2021 11:25:15 GMT+0700 (Western Indonesia Time)
[debug] [2021-09-16T04:25:15.495Z] ----------------------------------------------------------------------
[debug] 
[debug] [2021-09-16T04:25:15.501Z] >>> [apiv2][query] GET https://firebase-public.firebaseio.com/cli.json [none]
[debug] [2021-09-16T04:25:15.649Z] > command requires scopes: ["email","openid","https://www.googleapis.com/auth/cloudplatformprojects.readonly","https://www.googleapis.com/auth/firebase","https://www.googleapis.com/auth/cloud-platform"]
[debug] [2021-09-16T04:25:15.650Z] > authorizing via signed-in user (agun.buhori@gmail.com)
[debug] [2021-09-16T04:25:15.650Z] [iam] checking project agunbuhori-project for permissions ["firebase.projects.get","firebasehosting.sites.update"]
[debug] [2021-09-16T04:25:15.653Z] > refreshing access token with scopes: ["email","https://www.googleapis.com/auth/cloud-platform","https://www.googleapis.com/auth/cloudplatformprojects.readonly","https://www.googleapis.com/auth/firebase","openid"]
[debug] [2021-09-16T04:25:15.654Z] >>> HTTP REQUEST POST https://www.googleapis.com/oauth2/v3/token  
 <request body omitted>
[debug] [2021-09-16T04:25:15.802Z] <<< HTTP RESPONSE 200 {"cache-control":"no-cache, no-store, max-age=0, must-revalidate","expires":"Mon, 01 Jan 1990 00:00:00 GMT","pragma":"no-cache","date":"Thu, 16 Sep 2021 04:25:16 GMT","content-type":"application/json; charset=utf-8","vary":"X-Origin, Referer, Origin,Accept-Encoding","server":"scaffolding on HTTPServer2","x-xss-protection":"0","x-frame-options":"SAMEORIGIN","x-content-type-options":"nosniff","alt-svc":"h3=\":443\"; ma=2592000,h3-29=\":443\"; ma=2592000,h3-T051=\":443\"; ma=2592000,h3-Q050=\":443\"; ma=2592000,h3-Q046=\":443\"; ma=2592000,h3-Q043=\":443\"; ma=2592000,quic=\":443\"; ma=2592000; v=\"46,43\"","accept-ranges":"none","transfer-encoding":"chunked"}
[debug] [2021-09-16T04:25:15.826Z] >>> HTTP REQUEST POST https://cloudresourcemanager.googleapis.com/v1/projects/agunbuhori-project:testIamPermissions  
 {"permissions":["firebase.projects.get","firebasehosting.sites.update"]}
[debug] [2021-09-16T04:25:16.376Z] <<< [apiv2][status] GET https://firebase-public.firebaseio.com/cli.json 200
[debug] [2021-09-16T04:25:16.377Z] <<< [apiv2][body] GET https://firebase-public.firebaseio.com/cli.json {"cloudBuildErrorAfter":1594252800000,"cloudBuildWarnAfter":1590019200000,"defaultNode10After":1594252800000,"minVersion":"3.0.5","node8DeploysDisabledAfter":1613390400000,"node8RuntimeDisabledAfter":1615809600000,"node8WarnAfter":1600128000000}
[debug] [2021-09-16T04:25:16.893Z] <<< HTTP RESPONSE 200 {"content-type":"application/json; charset=UTF-8","vary":"X-Origin, Referer, Origin,Accept-Encoding","date":"Thu, 16 Sep 2021 04:25:17 GMT","server":"ESF","cache-control":"private","x-xss-protection":"0","x-frame-options":"SAMEORIGIN","x-content-type-options":"nosniff","server-timing":"gfet4t7; dur=955","alt-svc":"h3=\":443\"; ma=2592000,h3-29=\":443\"; ma=2592000,h3-T051=\":443\"; ma=2592000,h3-Q050=\":443\"; ma=2592000,h3-Q046=\":443\"; ma=2592000,h3-Q043=\":443\"; ma=2592000,quic=\":443\"; ma=2592000; v=\"46,43\"","accept-ranges":"none","transfer-encoding":"chunked"}
[debug] [2021-09-16T04:25:16.896Z] > refreshing access token with scopes: []
[debug] [2021-09-16T04:25:16.896Z] >>> HTTP REQUEST POST https://www.googleapis.com/oauth2/v3/token  
 <request body omitted>
[debug] [2021-09-16T04:25:17.004Z] <<< HTTP RESPONSE 200 {"expires":"Mon, 01 Jan 1990 00:00:00 GMT","cache-control":"no-cache, no-store, max-age=0, must-revalidate","pragma":"no-cache","date":"Thu, 16 Sep 2021 04:25:18 GMT","content-type":"application/json; charset=utf-8","vary":"X-Origin, Referer, Origin,Accept-Encoding","server":"scaffolding on HTTPServer2","x-xss-protection":"0","x-frame-options":"SAMEORIGIN","x-content-type-options":"nosniff","alt-svc":"h3=\":443\"; ma=2592000,h3-29=\":443\"; ma=2592000,h3-T051=\":443\"; ma=2592000,h3-Q050=\":443\"; ma=2592000,h3-Q046=\":443\"; ma=2592000,h3-Q043=\":443\"; ma=2592000,quic=\":443\"; ma=2592000; v=\"46,43\"","accept-ranges":"none","transfer-encoding":"chunked"}
[debug] [2021-09-16T04:25:17.024Z] >>> [apiv2][query] GET https://firebase.googleapis.com/v1beta1/projects/agunbuhori-project [none]
[debug] [2021-09-16T04:25:29.420Z] <<< [apiv2][status] GET https://firebase.googleapis.com/v1beta1/projects/agunbuhori-project 200
[debug] [2021-09-16T04:25:29.421Z] <<< [apiv2][body] GET https://firebase.googleapis.com/v1beta1/projects/agunbuhori-project {"projectId":"agunbuhori-project","projectNumber":"242254988151","displayName":"Agunbuhori Project","name":"projects/agunbuhori-project","resources":{"hostingSite":"agunbuhori-project","realtimeDatabaseInstance":"agunbuhori-project"},"state":"ACTIVE"}
[info] 
[info] === Deploying to 'agunbuhori-project'...
[info] 
[info] i  deploying hosting 
[debug] [2021-09-16T04:25:29.433Z] > refreshing access token with scopes: ["email","https://www.googleapis.com/auth/cloud-platform","https://www.googleapis.com/auth/cloudplatformprojects.readonly","https://www.googleapis.com/auth/firebase","openid"]
[debug] [2021-09-16T04:25:29.434Z] >>> HTTP REQUEST POST https://www.googleapis.com/oauth2/v3/token  
 <request body omitted>
[debug] [2021-09-16T04:25:29.526Z] <<< HTTP RESPONSE 200 {"expires":"Mon, 01 Jan 1990 00:00:00 GMT","pragma":"no-cache","date":"Thu, 16 Sep 2021 04:25:30 GMT","cache-control":"no-cache, no-store, max-age=0, must-revalidate","content-type":"application/json; charset=utf-8","vary":"X-Origin, Referer, Origin,Accept-Encoding","server":"scaffolding on HTTPServer2","x-xss-protection":"0","x-frame-options":"SAMEORIGIN","x-content-type-options":"nosniff","alt-svc":"h3=\":443\"; ma=2592000,h3-29=\":443\"; ma=2592000,h3-T051=\":443\"; ma=2592000,h3-Q050=\":443\"; ma=2592000,h3-Q046=\":443\"; ma=2592000,h3-Q043=\":443\"; ma=2592000,quic=\":443\"; ma=2592000; v=\"46,43\"","accept-ranges":"none","transfer-encoding":"chunked"}
[debug] [2021-09-16T04:25:29.560Z] >>> HTTP REQUEST POST https://firebasehosting.googleapis.com/v1beta1/sites/agunbuhori-project/versions  
 {"config":{"rewrites":[{"glob":"**","path":"/index.html"}]},"labels":{"deployment-tool":"cli-firebase"}}
[debug] [2021-09-16T04:25:32.425Z] <<< HTTP RESPONSE 200 {"content-type":"application/json; charset=UTF-8","vary":"X-Origin, Referer, Origin,Accept-Encoding","date":"Thu, 16 Sep 2021 04:25:33 GMT","server":"ESF","cache-control":"private","x-xss-protection":"0","x-frame-options":"SAMEORIGIN","x-content-type-options":"nosniff","alt-svc":"h3=\":443\"; ma=2592000,h3-29=\":443\"; ma=2592000,h3-T051=\":443\"; ma=2592000,h3-Q050=\":443\"; ma=2592000,h3-Q046=\":443\"; ma=2592000,h3-Q043=\":443\"; ma=2592000,quic=\":443\"; ma=2592000; v=\"46,43\"","accept-ranges":"none","transfer-encoding":"chunked"}
[info] i  hosting[agunbuhori-project]: beginning deploy... 
[info] i  hosting[agunbuhori-project]: found 19 files in ./out 
[debug] [2021-09-16T04:25:32.664Z] > refreshing access token with scopes: []
[debug] [2021-09-16T04:25:32.664Z] >>> HTTP REQUEST POST https://www.googleapis.com/oauth2/v3/token  
 <request body omitted>
[debug] [2021-09-16T04:25:32.672Z] [hosting] hash cache [b3V0] stored for 19 files
[debug] [2021-09-16T04:25:32.673Z] [hosting][hash queue][FINAL] {"max":172,"min":12,"avg":39.36842105263158,"active":0,"complete":19,"success":19,"errored":0,"retried":0,"total":19,"elapsed":197}
[debug] [2021-09-16T04:25:32.768Z] <<< HTTP RESPONSE 200 {"date":"Thu, 16 Sep 2021 04:25:33 GMT","pragma":"no-cache","cache-control":"no-cache, no-store, max-age=0, must-revalidate","expires":"Mon, 01 Jan 1990 00:00:00 GMT","content-type":"application/json; charset=utf-8","vary":"X-Origin, Referer, Origin,Accept-Encoding","server":"scaffolding on HTTPServer2","x-xss-protection":"0","x-frame-options":"SAMEORIGIN","x-content-type-options":"nosniff","alt-svc":"h3=\":443\"; ma=2592000,h3-29=\":443\"; ma=2592000,h3-T051=\":443\"; ma=2592000,h3-Q050=\":443\"; ma=2592000,h3-Q046=\":443\"; ma=2592000,h3-Q043=\":443\"; ma=2592000,quic=\":443\"; ma=2592000; v=\"46,43\"","accept-ranges":"none","transfer-encoding":"chunked"}
[debug] [2021-09-16T04:25:32.792Z] >>> [apiv2][query] POST https://firebasehosting.googleapis.com/v1beta1/sites/agunbuhori-project/versions/dc28cf8f0ac98bad:populateFiles [none]
[debug] [2021-09-16T04:25:32.792Z] >>> [apiv2][body] POST https://firebasehosting.googleapis.com/v1beta1/sites/agunbuhori-project/versions/dc28cf8f0ac98bad:populateFiles {"files":{"/favicon.ico":"43127f4210c52bcd0f30f291f1ee296ab41ddd1566905dc27fe1129e0175c8f1","/vercel.svg":"addb1409a65d5b908722a90e27a4c53d11cfd5f15acb97fd24e7e6369c1485ae","/404.html":"da8760de10733353f313719463bd76b7cfec81f12612a8c39bddd246532a128f","/index.html":"8748c9e74040f1345f2e72851e003d03df4b2fb5a2dcd93d9f34ec4a7f6f7b81","/read/[post].html":"e01bdf0a0c9854fc8343d34638973271390759239a9650bb7c91d1b63b6188ea","/_next/static/chunks/669-e2fc1cbe4c1f218d9a43.js":"a7f738784846b440be5412bf976cc72f32a9c90da377b4890d812eea7fbc3f88","/_next/static/chunks/webpack-fb76148cfcfb42ca18eb.js":"068a2923e14d5a20ee3d44d9e336f2d9654e864d05cf20e4653e90885971c841","/_next/static/chunks/pages/index-edbdd7d9d3c3b5a5b5e2.js":"7c08062fa59fb63852e5470c374fb6cc591c2e89d4e0df981204f9f8de1136ae","/_next/static/chunks/pages/_app-4e0668875cac8825a91f.js":"7ff7e91c91cd4c4e7800806c565169aadbfdb4e15756ea22288c148f91dfa1ed","/_next/static/chunks/pages/_error-737a04e9a0da63c9d162.js":"f645abaa0d95b378b294502b164115ba603c2daeff950f62311ba955fa4439b8","/_next/static/chunks/pages/read/[post]-e15a1f112f14c45ff641.js":"1307eefb2ea2fe192fa063c7a16c9f62ca77b27d36e1542ac9129c1f31003483","/_next/static/css/fd79a4913d6d82c172ac.css":"58637753ded34b3f83b485ba6ade9c12cc4d3853839db97eac531031d1196c77","/_next/static/f0Gqx6N-3qJg8SsvlcyLr/_buildManifest.js":"f01d6fa68641a0e0f784fc4d35bf2153a393cce49900d67c8dd11743657d6d2f","/_next/static/f0Gqx6N-3qJg8SsvlcyLr/_ssgManifest.js":"f73bbe5888d285cbab0ee19990a0d9db0b352fa3dfd30959d64a2bc66422d35c","/_next/static/css/aa60614b17fd821428b5.css":"9b8d75068e141258b881577a2b4bb9ad3e05247dd325dd039b6fc431aff87abb","/_next/static/chunks/main-c4f2541b93e4ae8b71f8.js":"b9296ce77136430f348dd42ccecbcf2f96415b935ae9328f0919523912d24b1a","/_next/static/chunks/framework-2191d16384373197bc0a.js":"ff7aa2e4bfc07b91ae0bcb5f488553dd234d68ac33fa7c1534b0f03fca8e57ba","/_next/static/chunks/polyfills-a40ef1678bae11e696dba45124eadd70.js":"e1731cfee79352040164e6f3ed4da821cd731b74921e5811b02f3715db413294","/_next/static/media/BridgeHead-Black.7b4d7720dd32405381a7156bc8f52578.otf":"8986d47ae99bfedeaa176089ecd6a1cf279440aa6184fa9e08bf2707cbc98422"}}
[debug] [2021-09-16T04:28:32.137Z] <<< [apiv2][status] POST https://firebasehosting.googleapis.com/v1beta1/sites/agunbuhori-project/versions/dc28cf8f0ac98bad:populateFiles 200
[debug] [2021-09-16T04:28:32.143Z] <<< [apiv2][body] POST https://firebasehosting.googleapis.com/v1beta1/sites/agunbuhori-project/versions/dc28cf8f0ac98bad:populateFiles {"uploadRequiredHashes":["7ff7e91c91cd4c4e7800806c565169aadbfdb4e15756ea22288c148f91dfa1ed","58637753ded34b3f83b485ba6ade9c12cc4d3853839db97eac531031d1196c77","8748c9e74040f1345f2e72851e003d03df4b2fb5a2dcd93d9f34ec4a7f6f7b81","9b8d75068e141258b881577a2b4bb9ad3e05247dd325dd039b6fc431aff87abb","a7f738784846b440be5412bf976cc72f32a9c90da377b4890d812eea7fbc3f88","e01bdf0a0c9854fc8343d34638973271390759239a9650bb7c91d1b63b6188ea","1307eefb2ea2fe192fa063c7a16c9f62ca77b27d36e1542ac9129c1f31003483","068a2923e14d5a20ee3d44d9e336f2d9654e864d05cf20e4653e90885971c841","da8760de10733353f313719463bd76b7cfec81f12612a8c39bddd246532a128f","ff7aa2e4bfc07b91ae0bcb5f488553dd234d68ac33fa7c1534b0f03fca8e57ba","7c08062fa59fb63852e5470c374fb6cc591c2e89d4e0df981204f9f8de1136ae","f01d6fa68641a0e0f784fc4d35bf2153a393cce49900d67c8dd11743657d6d2f"],"uploadUrl":"https://upload-firebasehosting.googleapis.com/upload/sites/agunbuhori-project/versions/dc28cf8f0ac98bad/files"}
[debug] [2021-09-16T04:28:32.164Z] >>> [apiv2][query] POST https://upload-firebasehosting.googleapis.com/upload/sites/agunbuhori-project/versions/dc28cf8f0ac98bad/files/7ff7e91c91cd4c4e7800806c565169aadbfdb4e15756ea22288c148f91dfa1ed [none]
[debug] [2021-09-16T04:28:32.164Z] >>> [apiv2][body] POST https://upload-firebasehosting.googleapis.com/upload/sites/agunbuhori-project/versions/dc28cf8f0ac98bad/files/7ff7e91c91cd4c4e7800806c565169aadbfdb4e15756ea22288c148f91dfa1ed [stream]
[debug] [2021-09-16T04:28:32.172Z] >>> [apiv2][query] POST https://upload-firebasehosting.googleapis.com/upload/sites/agunbuhori-project/versions/dc28cf8f0ac98bad/files/58637753ded34b3f83b485ba6ade9c12cc4d3853839db97eac531031d1196c77 [none]
[debug] [2021-09-16T04:28:32.172Z] >>> [apiv2][body] POST https://upload-firebasehosting.googleapis.com/upload/sites/agunbuhori-project/versions/dc28cf8f0ac98bad/files/58637753ded34b3f83b485ba6ade9c12cc4d3853839db97eac531031d1196c77 [stream]
[debug] [2021-09-16T04:28:32.174Z] >>> [apiv2][query] POST https://upload-firebasehosting.googleapis.com/upload/sites/agunbuhori-project/versions/dc28cf8f0ac98bad/files/8748c9e74040f1345f2e72851e003d03df4b2fb5a2dcd93d9f34ec4a7f6f7b81 [none]
[debug] [2021-09-16T04:28:32.174Z] >>> [apiv2][body] POST https://upload-firebasehosting.googleapis.com/upload/sites/agunbuhori-project/versions/dc28cf8f0ac98bad/files/8748c9e74040f1345f2e72851e003d03df4b2fb5a2dcd93d9f34ec4a7f6f7b81 [stream]
[debug] [2021-09-16T04:28:32.175Z] >>> [apiv2][query] POST https://upload-firebasehosting.googleapis.com/upload/sites/agunbuhori-project/versions/dc28cf8f0ac98bad/files/9b8d75068e141258b881577a2b4bb9ad3e05247dd325dd039b6fc431aff87abb [none]
[debug] [2021-09-16T04:28:32.176Z] >>> [apiv2][body] POST https://upload-firebasehosting.googleapis.com/upload/sites/agunbuhori-project/versions/dc28cf8f0ac98bad/files/9b8d75068e141258b881577a2b4bb9ad3e05247dd325dd039b6fc431aff87abb [stream]
[debug] [2021-09-16T04:28:32.177Z] >>> [apiv2][query] POST https://upload-firebasehosting.googleapis.com/upload/sites/agunbuhori-project/versions/dc28cf8f0ac98bad/files/a7f738784846b440be5412bf976cc72f32a9c90da377b4890d812eea7fbc3f88 [none]
[debug] [2021-09-16T04:28:32.177Z] >>> [apiv2][body] POST https://upload-firebasehosting.googleapis.com/upload/sites/agunbuhori-project/versions/dc28cf8f0ac98bad/files/a7f738784846b440be5412bf976cc72f32a9c90da377b4890d812eea7fbc3f88 [stream]
[debug] [2021-09-16T04:28:32.179Z] >>> [apiv2][query] POST https://upload-firebasehosting.googleapis.com/upload/sites/agunbuhori-project/versions/dc28cf8f0ac98bad/files/e01bdf0a0c9854fc8343d34638973271390759239a9650bb7c91d1b63b6188ea [none]
[debug] [2021-09-16T04:28:32.179Z] >>> [apiv2][body] POST https://upload-firebasehosting.googleapis.com/upload/sites/agunbuhori-project/versions/dc28cf8f0ac98bad/files/e01bdf0a0c9854fc8343d34638973271390759239a9650bb7c91d1b63b6188ea [stream]
[debug] [2021-09-16T04:28:32.187Z] >>> [apiv2][query] POST https://upload-firebasehosting.googleapis.com/upload/sites/agunbuhori-project/versions/dc28cf8f0ac98bad/files/1307eefb2ea2fe192fa063c7a16c9f62ca77b27d36e1542ac9129c1f31003483 [none]
[debug] [2021-09-16T04:28:32.187Z] >>> [apiv2][body] POST https://upload-firebasehosting.googleapis.com/upload/sites/agunbuhori-project/versions/dc28cf8f0ac98bad/files/1307eefb2ea2fe192fa063c7a16c9f62ca77b27d36e1542ac9129c1f31003483 [stream]
[debug] [2021-09-16T04:28:32.189Z] >>> [apiv2][query] POST https://upload-firebasehosting.googleapis.com/upload/sites/agunbuhori-project/versions/dc28cf8f0ac98bad/files/068a2923e14d5a20ee3d44d9e336f2d9654e864d05cf20e4653e90885971c841 [none]
[debug] [2021-09-16T04:28:32.189Z] >>> [apiv2][body] POST https://upload-firebasehosting.googleapis.com/upload/sites/agunbuhori-project/versions/dc28cf8f0ac98bad/files/068a2923e14d5a20ee3d44d9e336f2d9654e864d05cf20e4653e90885971c841 [stream]
[debug] [2021-09-16T04:28:32.191Z] >>> [apiv2][query] POST https://upload-firebasehosting.googleapis.com/upload/sites/agunbuhori-project/versions/dc28cf8f0ac98bad/files/da8760de10733353f313719463bd76b7cfec81f12612a8c39bddd246532a128f [none]
[debug] [2021-09-16T04:28:32.191Z] >>> [apiv2][body] POST https://upload-firebasehosting.googleapis.com/upload/sites/agunbuhori-project/versions/dc28cf8f0ac98bad/files/da8760de10733353f313719463bd76b7cfec81f12612a8c39bddd246532a128f [stream]
[debug] [2021-09-16T04:28:32.192Z] >>> [apiv2][query] POST https://upload-firebasehosting.googleapis.com/upload/sites/agunbuhori-project/versions/dc28cf8f0ac98bad/files/ff7aa2e4bfc07b91ae0bcb5f488553dd234d68ac33fa7c1534b0f03fca8e57ba [none]
[debug] [2021-09-16T04:28:32.193Z] >>> [apiv2][body] POST https://upload-firebasehosting.googleapis.com/upload/sites/agunbuhori-project/versions/dc28cf8f0ac98bad/files/ff7aa2e4bfc07b91ae0bcb5f488553dd234d68ac33fa7c1534b0f03fca8e57ba [stream]
[debug] [2021-09-16T04:28:32.194Z] >>> [apiv2][query] POST https://upload-firebasehosting.googleapis.com/upload/sites/agunbuhori-project/versions/dc28cf8f0ac98bad/files/7c08062fa59fb63852e5470c374fb6cc591c2e89d4e0df981204f9f8de1136ae [none]
[debug] [2021-09-16T04:28:32.194Z] >>> [apiv2][body] POST https://upload-firebasehosting.googleapis.com/upload/sites/agunbuhori-project/versions/dc28cf8f0ac98bad/files/7c08062fa59fb63852e5470c374fb6cc591c2e89d4e0df981204f9f8de1136ae [stream]
[debug] [2021-09-16T04:28:32.196Z] >>> [apiv2][query] POST https://upload-firebasehosting.googleapis.com/upload/sites/agunbuhori-project/versions/dc28cf8f0ac98bad/files/f01d6fa68641a0e0f784fc4d35bf2153a393cce49900d67c8dd11743657d6d2f [none]
[debug] [2021-09-16T04:28:32.196Z] >>> [apiv2][body] POST https://upload-firebasehosting.googleapis.com/upload/sites/agunbuhori-project/versions/dc28cf8f0ac98bad/files/f01d6fa68641a0e0f784fc4d35bf2153a393cce49900d67c8dd11743657d6d2f [stream]
[debug] [2021-09-16T04:28:32.201Z] [hosting][populate queue][FINAL] {"max":179500,"min":179500,"avg":179500,"active":0,"complete":1,"success":1,"errored":0,"retried":0,"total":1,"elapsed":179538}
[debug] [2021-09-16T04:28:32.203Z] [hosting] uploads queued: 12
[debug] [2021-09-16T04:28:33.953Z] <<< [apiv2][status] POST https://upload-firebasehosting.googleapis.com/upload/sites/agunbuhori-project/versions/dc28cf8f0ac98bad/files/068a2923e14d5a20ee3d44d9e336f2d9654e864d05cf20e4653e90885971c841 200
[debug] [2021-09-16T04:28:33.953Z] <<< [apiv2][body] POST https://upload-firebasehosting.googleapis.com/upload/sites/agunbuhori-project/versions/dc28cf8f0ac98bad/files/068a2923e14d5a20ee3d44d9e336f2d9654e864d05cf20e4653e90885971c841 [stream]
[debug] [2021-09-16T04:28:34.057Z] <<< [apiv2][status] POST https://upload-firebasehosting.googleapis.com/upload/sites/agunbuhori-project/versions/dc28cf8f0ac98bad/files/1307eefb2ea2fe192fa063c7a16c9f62ca77b27d36e1542ac9129c1f31003483 200
[debug] [2021-09-16T04:28:34.058Z] <<< [apiv2][body] POST https://upload-firebasehosting.googleapis.com/upload/sites/agunbuhori-project/versions/dc28cf8f0ac98bad/files/1307eefb2ea2fe192fa063c7a16c9f62ca77b27d36e1542ac9129c1f31003483 [stream]
[debug] [2021-09-16T04:28:34.334Z] <<< [apiv2][status] POST https://upload-firebasehosting.googleapis.com/upload/sites/agunbuhori-project/versions/dc28cf8f0ac98bad/files/da8760de10733353f313719463bd76b7cfec81f12612a8c39bddd246532a128f 200
[debug] [2021-09-16T04:28:34.334Z] <<< [apiv2][body] POST https://upload-firebasehosting.googleapis.com/upload/sites/agunbuhori-project/versions/dc28cf8f0ac98bad/files/da8760de10733353f313719463bd76b7cfec81f12612a8c39bddd246532a128f [stream]
[debug] [2021-09-16T04:28:34.371Z] <<< [apiv2][status] POST https://upload-firebasehosting.googleapis.com/upload/sites/agunbuhori-project/versions/dc28cf8f0ac98bad/files/7ff7e91c91cd4c4e7800806c565169aadbfdb4e15756ea22288c148f91dfa1ed 200
[debug] [2021-09-16T04:28:34.371Z] <<< [apiv2][body] POST https://upload-firebasehosting.googleapis.com/upload/sites/agunbuhori-project/versions/dc28cf8f0ac98bad/files/7ff7e91c91cd4c4e7800806c565169aadbfdb4e15756ea22288c148f91dfa1ed [stream]
[debug] [2021-09-16T04:28:34.557Z] <<< [apiv2][status] POST https://upload-firebasehosting.googleapis.com/upload/sites/agunbuhori-project/versions/dc28cf8f0ac98bad/files/58637753ded34b3f83b485ba6ade9c12cc4d3853839db97eac531031d1196c77 200
[debug] [2021-09-16T04:28:34.557Z] <<< [apiv2][body] POST https://upload-firebasehosting.googleapis.com/upload/sites/agunbuhori-project/versions/dc28cf8f0ac98bad/files/58637753ded34b3f83b485ba6ade9c12cc4d3853839db97eac531031d1196c77 [stream]
[debug] [2021-09-16T04:28:34.994Z] <<< [apiv2][status] POST https://upload-firebasehosting.googleapis.com/upload/sites/agunbuhori-project/versions/dc28cf8f0ac98bad/files/7c08062fa59fb63852e5470c374fb6cc591c2e89d4e0df981204f9f8de1136ae 200
[debug] [2021-09-16T04:28:34.994Z] <<< [apiv2][body] POST https://upload-firebasehosting.googleapis.com/upload/sites/agunbuhori-project/versions/dc28cf8f0ac98bad/files/7c08062fa59fb63852e5470c374fb6cc591c2e89d4e0df981204f9f8de1136ae [stream]
[debug] [2021-09-16T04:28:35.368Z] <<< [apiv2][status] POST https://upload-firebasehosting.googleapis.com/upload/sites/agunbuhori-project/versions/dc28cf8f0ac98bad/files/e01bdf0a0c9854fc8343d34638973271390759239a9650bb7c91d1b63b6188ea 200
[debug] [2021-09-16T04:28:35.369Z] <<< [apiv2][body] POST https://upload-firebasehosting.googleapis.com/upload/sites/agunbuhori-project/versions/dc28cf8f0ac98bad/files/e01bdf0a0c9854fc8343d34638973271390759239a9650bb7c91d1b63b6188ea [stream]
[debug] [2021-09-16T04:28:36.085Z] <<< [apiv2][status] POST https://upload-firebasehosting.googleapis.com/upload/sites/agunbuhori-project/versions/dc28cf8f0ac98bad/files/9b8d75068e141258b881577a2b4bb9ad3e05247dd325dd039b6fc431aff87abb 200
[debug] [2021-09-16T04:28:36.086Z] <<< [apiv2][body] POST https://upload-firebasehosting.googleapis.com/upload/sites/agunbuhori-project/versions/dc28cf8f0ac98bad/files/9b8d75068e141258b881577a2b4bb9ad3e05247dd325dd039b6fc431aff87abb [stream]
[debug] [2021-09-16T04:28:40.639Z] <<< [apiv2][status] POST https://upload-firebasehosting.googleapis.com/upload/sites/agunbuhori-project/versions/dc28cf8f0ac98bad/files/8748c9e74040f1345f2e72851e003d03df4b2fb5a2dcd93d9f34ec4a7f6f7b81 200
[debug] [2021-09-16T04:28:40.641Z] <<< [apiv2][body] POST https://upload-firebasehosting.googleapis.com/upload/sites/agunbuhori-project/versions/dc28cf8f0ac98bad/files/8748c9e74040f1345f2e72851e003d03df4b2fb5a2dcd93d9f34ec4a7f6f7b81 [stream]
[debug] [2021-09-16T04:28:40.725Z] <<< [apiv2][status] POST https://upload-firebasehosting.googleapis.com/upload/sites/agunbuhori-project/versions/dc28cf8f0ac98bad/files/f01d6fa68641a0e0f784fc4d35bf2153a393cce49900d67c8dd11743657d6d2f 200
[debug] [2021-09-16T04:28:40.725Z] <<< [apiv2][body] POST https://upload-firebasehosting.googleapis.com/upload/sites/agunbuhori-project/versions/dc28cf8f0ac98bad/files/f01d6fa68641a0e0f784fc4d35bf2153a393cce49900d67c8dd11743657d6d2f [stream]
[debug] [2021-09-16T04:28:53.695Z] [uploadQueue] Retrying task ff7aa2e4bfc07b91ae0bcb5f488553dd234d68ac33fa7c1534b0f03fca8e57ba
[debug] [2021-09-16T04:28:53.695Z] >>> [apiv2][query] POST https://upload-firebasehosting.googleapis.com/upload/sites/agunbuhori-project/versions/dc28cf8f0ac98bad/files/ff7aa2e4bfc07b91ae0bcb5f488553dd234d68ac33fa7c1534b0f03fca8e57ba [none]
[debug] [2021-09-16T04:28:53.696Z] >>> [apiv2][body] POST https://upload-firebasehosting.googleapis.com/upload/sites/agunbuhori-project/versions/dc28cf8f0ac98bad/files/ff7aa2e4bfc07b91ae0bcb5f488553dd234d68ac33fa7c1534b0f03fca8e57ba [stream]
[debug] [2021-09-16T04:29:02.596Z] [uploadQueue] Retrying task a7f738784846b440be5412bf976cc72f32a9c90da377b4890d812eea7fbc3f88
[debug] [2021-09-16T04:29:02.597Z] >>> [apiv2][query] POST https://upload-firebasehosting.googleapis.com/upload/sites/agunbuhori-project/versions/dc28cf8f0ac98bad/files/a7f738784846b440be5412bf976cc72f32a9c90da377b4890d812eea7fbc3f88 [none]
[debug] [2021-09-16T04:29:02.597Z] >>> [apiv2][body] POST https://upload-firebasehosting.googleapis.com/upload/sites/agunbuhori-project/versions/dc28cf8f0ac98bad/files/a7f738784846b440be5412bf976cc72f32a9c90da377b4890d812eea7fbc3f88 [stream]
[debug] [2021-09-16T04:29:17.545Z] <<< [apiv2][status] POST https://upload-firebasehosting.googleapis.com/upload/sites/agunbuhori-project/versions/dc28cf8f0ac98bad/files/a7f738784846b440be5412bf976cc72f32a9c90da377b4890d812eea7fbc3f88 200
[debug] [2021-09-16T04:29:17.546Z] <<< [apiv2][body] POST https://upload-firebasehosting.googleapis.com/upload/sites/agunbuhori-project/versions/dc28cf8f0ac98bad/files/a7f738784846b440be5412bf976cc72f32a9c90da377b4890d812eea7fbc3f88 [stream]
[debug] [2021-09-16T04:29:24.505Z] [uploadQueue] Retrying task ff7aa2e4bfc07b91ae0bcb5f488553dd234d68ac33fa7c1534b0f03fca8e57ba
[debug] [2021-09-16T04:29:24.507Z] >>> [apiv2][query] POST https://upload-firebasehosting.googleapis.com/upload/sites/agunbuhori-project/versions/dc28cf8f0ac98bad/files/ff7aa2e4bfc07b91ae0bcb5f488553dd234d68ac33fa7c1534b0f03fca8e57ba [none]
[debug] [2021-09-16T04:29:24.508Z] >>> [apiv2][body] POST https://upload-firebasehosting.googleapis.com/upload/sites/agunbuhori-project/versions/dc28cf8f0ac98bad/files/ff7aa2e4bfc07b91ae0bcb5f488553dd234d68ac33fa7c1534b0f03fca8e57ba [stream]
[debug] [2021-09-16T04:29:35.213Z] <<< [apiv2][status] POST https://upload-firebasehosting.googleapis.com/upload/sites/agunbuhori-project/versions/dc28cf8f0ac98bad/files/ff7aa2e4bfc07b91ae0bcb5f488553dd234d68ac33fa7c1534b0f03fca8e57ba 200
[debug] [2021-09-16T04:29:35.214Z] <<< [apiv2][body] POST https://upload-firebasehosting.googleapis.com/upload/sites/agunbuhori-project/versions/dc28cf8f0ac98bad/files/ff7aa2e4bfc07b91ae0bcb5f488553dd234d68ac33fa7c1534b0f03fca8e57ba [stream]
[debug] [2021-09-16T04:29:35.215Z] [hosting][upload queue][FINAL] {"max":14950,"min":1792,"avg":5263.25,"active":0,"complete":12,"success":12,"errored":0,"retried":3,"total":12,"elapsed":63067}
[info] +  hosting[agunbuhori-project]: file upload complete 
[debug] [2021-09-16T04:29:35.224Z] [hosting] deploy completed after 242794ms
[debug] [2021-09-16T04:29:35.259Z] [
  {
    "config": {
      "public": "./out",
      "ignore": [
        "firebase.json",
        "**/.*",
        "**/node_modules/**"
      ],
      "rewrites": [
        {
          "source": "**",
          "destination": "/index.html"
        }
      ],
      "site": "agunbuhori-project"
    },
    "site": "agunbuhori-project",
    "version": "sites/agunbuhori-project/versions/dc28cf8f0ac98bad"
  }
]
[info] i  hosting[agunbuhori-project]: finalizing version... 
[debug] [2021-09-16T04:29:35.263Z] > refreshing access token with scopes: ["email","https://www.googleapis.com/auth/cloud-platform","https://www.googleapis.com/auth/cloudplatformprojects.readonly","https://www.googleapis.com/auth/firebase","openid"]
[debug] [2021-09-16T04:29:35.263Z] >>> HTTP REQUEST POST https://www.googleapis.com/oauth2/v3/token  
 <request body omitted>
[debug] [2021-09-16T04:29:35.371Z] <<< HTTP RESPONSE 200 {"expires":"Mon, 01 Jan 1990 00:00:00 GMT","date":"Thu, 16 Sep 2021 04:29:36 GMT","cache-control":"no-cache, no-store, max-age=0, must-revalidate","pragma":"no-cache","content-type":"application/json; charset=utf-8","vary":"X-Origin, Referer, Origin,Accept-Encoding","server":"scaffolding on HTTPServer2","x-xss-protection":"0","x-frame-options":"SAMEORIGIN","x-content-type-options":"nosniff","alt-svc":"h3=\":443\"; ma=2592000,h3-29=\":443\"; ma=2592000,h3-T051=\":443\"; ma=2592000,h3-Q050=\":443\"; ma=2592000,h3-Q046=\":443\"; ma=2592000,h3-Q043=\":443\"; ma=2592000,quic=\":443\"; ma=2592000; v=\"46,43\"","accept-ranges":"none","transfer-encoding":"chunked"}
[debug] [2021-09-16T04:29:35.391Z] >>> HTTP REQUEST PATCH https://firebasehosting.googleapis.com/v1beta1/sites/agunbuhori-project/versions/dc28cf8f0ac98bad?updateMask=status  
 {"status":"FINALIZED"}
[debug] [2021-09-16T04:29:46.581Z] Error: socket hang up
    at connResetException (internal/errors.js:628:14)
    at TLSSocket.socketOnEnd (_http_client.js:499:23)
    at TLSSocket.emit (events.js:412:35)
    at TLSSocket.emit (domain.js:470:12)
    at endReadableNT (internal/streams/readable.js:1317:12)
    at processTicksAndRejections (internal/process/task_queues.js:82:21)
[error] 
[error] Error: Server Error. socket hang up
